2023-07-19 00:03:11,985 INFO PERFORMANCE:|478|1923|1|0

2023-07-19 00:08:11,986 INFO PERFORMANCE:|479|1924|1|0

2023-07-19 00:13:11,987 INFO PERFORMANCE:|479|1924|1|0

2023-07-19 00:18:11,987 INFO PERFORMANCE:|479|1924|1|0

2023-07-19 00:23:11,988 INFO PERFORMANCE:|479|1924|1|0

2023-07-19 00:28:11,989 INFO PERFORMANCE:|479|1924|1|0

2023-07-19 00:33:11,990 INFO PERFORMANCE:|479|1924|1|0

2023-07-19 00:38:11,990 INFO PERFORMANCE:|479|1924|1|0

2023-07-19 00:43:11,991 INFO PERFORMANCE:|479|1924|1|0

2023-07-19 00:48:11,992 INFO PERFORMANCE:|479|1923|1|0

2023-07-19 00:53:11,993 INFO PERFORMANCE:|478|1923|1|0

2023-07-19 00:58:11,993 INFO PERFORMANCE:|478|1923|1|0

2023-07-19 01:03:11,994 INFO PERFORMANCE:|478|1923|1|0

2023-07-19 01:08:11,995 INFO PERFORMANCE:|479|1924|1|0

2023-07-19 01:13:11,995 INFO PERFORMANCE:|479|1924|1|0

2023-07-19 01:18:11,996 INFO PERFORMANCE:|479|1924|1|0

2023-07-19 01:23:12,029 INFO PERFORMANCE:|479|1924|1|0

2023-07-19 01:28:12,029 INFO PERFORMANCE:|479|1924|1|0

2023-07-19 01:33:12,030 INFO PERFORMANCE:|479|1924|1|0

2023-07-19 01:38:12,031 INFO PERFORMANCE:|479|1924|1|0

2023-07-19 01:43:12,031 INFO PERFORMANCE:|478|1923|1|0

2023-07-19 01:48:12,032 INFO PERFORMANCE:|478|1923|1|0

2023-07-19 01:53:12,033 INFO PERFORMANCE:|478|1923|1|0

2023-07-19 01:58:12,033 INFO PERFORMANCE:|478|1923|1|0

2023-07-19 02:03:12,034 INFO PERFORMANCE:|478|1923|1|0

2023-07-19 02:08:12,035 INFO PERFORMANCE:|480|1923|1|0

2023-07-19 02:13:12,035 INFO PERFORMANCE:|478|1923|1|0

2023-07-19 02:18:12,036 INFO PERFORMANCE:|478|1923|1|0

2023-07-19 02:23:12,037 INFO PERFORMANCE:|478|1923|1|0

2023-07-19 02:28:12,037 INFO PERFORMANCE:|478|1923|1|0

2023-07-19 02:33:12,038 INFO PERFORMANCE:|478|1923|1|0

2023-07-19 02:38:12,038 INFO PERFORMANCE:|478|1923|1|0

2023-07-19 02:43:12,039 INFO PERFORMANCE:|478|1923|1|0

2023-07-19 02:48:12,040 INFO PERFORMANCE:|478|1923|1|0

2023-07-19 02:53:12,040 INFO PERFORMANCE:|478|1923|1|0

2023-07-19 02:58:12,041 INFO PERFORMANCE:|478|1923|1|0

2023-07-19 03:03:12,042 INFO PERFORMANCE:|478|1923|1|0

2023-07-19 03:08:12,043 INFO PERFORMANCE:|478|1923|1|0

2023-07-19 03:13:12,043 INFO PERFORMANCE:|478|1923|1|0

2023-07-19 03:18:12,044 INFO PERFORMANCE:|478|1923|1|0

2023-07-19 03:23:12,045 INFO PERFORMANCE:|478|1923|1|0

2023-07-19 03:28:12,045 INFO PERFORMANCE:|478|1923|1|0

2023-07-19 03:33:12,046 INFO PERFORMANCE:|478|1923|0|-1

2023-07-19 03:38:12,047 INFO PERFORMANCE:|478|1923|1|0

2023-07-19 03:43:12,047 INFO PERFORMANCE:|478|1923|1|0

2023-07-19 03:48:12,048 INFO PERFORMANCE:|478|1923|1|0

2023-07-19 03:53:12,048 INFO PERFORMANCE:|478|1923|1|0

2023-07-19 03:58:12,049 INFO PERFORMANCE:|478|1923|1|0

2023-07-19 04:03:12,050 INFO PERFORMANCE:|478|1923|1|0

2023-07-19 04:08:12,050 INFO PERFORMANCE:|478|1923|1|0

2023-07-19 04:13:12,051 INFO PERFORMANCE:|478|1923|1|0

2023-07-19 04:18:12,052 INFO PERFORMANCE:|478|1923|1|0

2023-07-19 04:23:12,052 INFO PERFORMANCE:|478|1923|1|0

2023-07-19 04:28:12,053 INFO PERFORMANCE:|478|1923|1|0

2023-07-19 04:33:12,054 INFO PERFORMANCE:|478|1923|1|0

2023-07-19 04:38:12,055 INFO PERFORMANCE:|478|1923|1|0

2023-07-19 04:43:12,055 INFO PERFORMANCE:|478|1923|1|0

2023-07-19 04:48:12,056 INFO PERFORMANCE:|478|1923|1|0

2023-07-19 04:53:12,057 INFO PERFORMANCE:|478|1923|1|0

2023-07-19 04:58:12,057 INFO PERFORMANCE:|478|1923|1|0

2023-07-19 05:03:12,058 INFO PERFORMANCE:|478|1923|1|0

2023-07-19 05:08:12,059 INFO PERFORMANCE:|478|1923|1|0

2023-07-19 05:13:12,059 INFO PERFORMANCE:|478|1923|1|0

2023-07-19 05:18:12,060 INFO PERFORMANCE:|478|1923|1|0

2023-07-19 05:23:12,061 INFO PERFORMANCE:|478|1923|1|0

2023-07-19 05:28:12,061 INFO PERFORMANCE:|478|1923|1|0

2023-07-19 05:33:12,062 INFO PERFORMANCE:|478|1923|1|0

2023-07-19 05:38:12,062 INFO PERFORMANCE:|478|1923|1|0

2023-07-19 05:43:12,063 INFO PERFORMANCE:|478|1923|1|0

2023-07-19 05:48:12,064 INFO PERFORMANCE:|478|1923|1|0

2023-07-19 05:53:12,064 INFO PERFORMANCE:|478|1923|1|0

2023-07-19 05:58:12,065 INFO PERFORMANCE:|478|1923|1|0

2023-07-19 06:03:12,066 INFO PERFORMANCE:|479|1923|1|0

2023-07-19 06:08:12,066 INFO PERFORMANCE:|478|1923|1|0

2023-07-19 06:13:12,067 INFO PERFORMANCE:|478|1923|1|0

2023-07-19 06:18:12,068 INFO PERFORMANCE:|478|1923|1|0

2023-07-19 06:23:12,069 INFO PERFORMANCE:|478|1923|1|0

2023-07-19 06:28:12,069 INFO PERFORMANCE:|478|1923|3|0

2023-07-19 06:33:12,070 INFO PERFORMANCE:|478|1923|1|0

2023-07-19 06:38:12,071 INFO PERFORMANCE:|478|1923|1|0

2023-07-19 06:43:12,071 INFO PERFORMANCE:|478|1923|1|0

2023-07-19 06:48:12,072 INFO PERFORMANCE:|478|1923|1|0

2023-07-19 06:53:12,073 INFO PERFORMANCE:|478|1923|1|0

2023-07-19 06:58:12,073 INFO PERFORMANCE:|478|1923|1|0

2023-07-19 07:03:12,074 INFO PERFORMANCE:|479|1923|1|0

2023-07-19 07:08:12,075 INFO PERFORMANCE:|478|1923|1|0

2023-07-19 07:13:12,075 INFO PERFORMANCE:|478|1923|1|0

2023-07-19 07:18:12,076 INFO PERFORMANCE:|478|1923|1|0

2023-07-19 07:23:12,077 INFO PERFORMANCE:|478|1923|1|0

2023-07-19 07:28:12,077 INFO PERFORMANCE:|478|1923|1|0

2023-07-19 07:33:12,078 INFO PERFORMANCE:|478|1923|1|0

2023-07-19 07:38:12,079 INFO PERFORMANCE:|478|1923|1|0

2023-07-19 07:43:12,080 INFO PERFORMANCE:|478|1923|1|0

2023-07-19 07:48:12,082 INFO PERFORMANCE:|478|1923|1|0

2023-07-19 07:53:12,082 INFO PERFORMANCE:|478|1923|1|0

2023-07-19 07:58:12,084 INFO PERFORMANCE:|478|1923|1|0

2023-07-19 08:03:12,084 INFO PERFORMANCE:|478|1923|1|0

2023-07-19 08:08:12,085 INFO PERFORMANCE:|478|1923|1|0

2023-07-19 08:13:12,086 INFO PERFORMANCE:|478|1923|1|0

2023-07-19 08:18:12,086 INFO PERFORMANCE:|478|1923|1|0

2023-07-19 08:23:12,087 INFO PERFORMANCE:|478|1923|1|0

2023-07-19 08:28:12,088 INFO PERFORMANCE:|478|1923|1|0

2023-07-19 08:33:12,088 INFO PERFORMANCE:|478|1923|1|0

2023-07-19 08:38:12,089 INFO PERFORMANCE:|478|1923|1|0

2023-07-19 08:43:12,090 INFO PERFORMANCE:|478|1923|1|0

2023-07-19 08:48:12,090 INFO PERFORMANCE:|478|1923|1|0

2023-07-19 08:53:12,091 INFO PERFORMANCE:|478|1923|1|0

2023-07-19 08:58:12,092 INFO PERFORMANCE:|478|1923|1|0

2023-07-19 09:03:12,093 INFO PERFORMANCE:|478|1923|1|0

2023-07-19 09:08:12,093 INFO PERFORMANCE:|478|1923|2|0

2023-07-19 09:13:12,094 INFO PERFORMANCE:|478|1923|1|0

2023-07-19 09:18:12,095 INFO PERFORMANCE:|478|1923|1|0

2023-07-19 09:23:12,096 INFO PERFORMANCE:|478|1923|1|0

2023-07-19 09:28:12,096 INFO PERFORMANCE:|478|1923|1|0

2023-07-19 09:33:12,097 INFO PERFORMANCE:|478|1923|1|0

2023-07-19 09:38:12,098 INFO PERFORMANCE:|478|1923|1|0

2023-07-19 09:43:12,098 INFO PERFORMANCE:|478|1923|2|0

2023-07-19 09:48:12,099 INFO PERFORMANCE:|478|1923|1|0

2023-07-19 09:53:12,099 INFO PERFORMANCE:|479|1923|1|0

2023-07-19 09:58:12,100 INFO PERFORMANCE:|478|1923|1|0

2023-07-19 10:03:12,101 INFO PERFORMANCE:|478|1923|1|0

2023-07-19 10:08:12,102 INFO PERFORMANCE:|478|1923|2|0

2023-07-19 10:13:12,102 INFO PERFORMANCE:|478|1923|1|0

2023-07-19 10:18:12,103 INFO PERFORMANCE:|478|1923|1|0

2023-07-19 10:23:12,104 INFO PERFORMANCE:|478|1923|1|0

2023-07-19 10:28:12,104 INFO PERFORMANCE:|478|1923|1|0

2023-07-19 10:33:12,105 INFO PERFORMANCE:|478|1923|1|0

2023-07-19 10:38:12,106 INFO PERFORMANCE:|478|1923|1|0

2023-07-19 10:43:12,106 INFO PERFORMANCE:|478|1923|2|0

2023-07-19 10:48:12,107 INFO PERFORMANCE:|478|1923|1|0

2023-07-19 10:53:12,108 INFO PERFORMANCE:|478|1923|1|0

2023-07-19 10:58:12,108 INFO PERFORMANCE:|478|1923|1|0

2023-07-19 11:03:12,109 INFO PERFORMANCE:|478|1923|1|0

2023-07-19 11:08:12,110 INFO PERFORMANCE:|478|1923|1|0

2023-07-19 11:13:12,110 INFO PERFORMANCE:|478|1923|1|0

2023-07-19 11:18:12,111 INFO PERFORMANCE:|478|1923|1|0

2023-07-19 11:23:12,112 INFO PERFORMANCE:|478|1923|1|0

2023-07-19 11:28:12,113 INFO PERFORMANCE:|478|1923|1|0

2023-07-19 11:33:12,113 INFO PERFORMANCE:|478|1923|1|0

2023-07-19 11:38:12,114 INFO PERFORMANCE:|478|1923|1|0

2023-07-19 11:43:12,114 INFO PERFORMANCE:|478|1923|1|0

2023-07-19 11:48:12,115 INFO PERFORMANCE:|478|1923|1|0

2023-07-19 11:53:12,116 INFO PERFORMANCE:|478|1923|1|0

2023-07-19 11:58:12,139 INFO PERFORMANCE:|478|1923|3|0

2023-07-19 12:03:12,139 INFO PERFORMANCE:|479|1923|1|0

2023-07-19 12:08:12,140 INFO PERFORMANCE:|478|1923|1|0

2023-07-19 12:13:12,141 INFO PERFORMANCE:|478|1923|1|0

2023-07-19 12:18:12,142 INFO PERFORMANCE:|478|1923|1|0

2023-07-19 12:23:12,142 INFO PERFORMANCE:|478|1923|1|0

2023-07-19 12:28:12,143 INFO PERFORMANCE:|478|1923|1|0

2023-07-19 12:33:12,144 INFO PERFORMANCE:|478|1923|1|0

2023-07-19 12:38:12,144 INFO PERFORMANCE:|478|1923|1|0

2023-07-19 12:43:12,145 INFO PERFORMANCE:|478|1923|1|0

2023-07-19 12:48:12,146 INFO PERFORMANCE:|478|1923|1|0

2023-07-19 12:53:12,146 INFO PERFORMANCE:|478|1923|1|0

2023-07-19 12:58:12,147 INFO PERFORMANCE:|478|1923|1|0

2023-07-19 13:03:12,148 INFO PERFORMANCE:|478|1923|1|0

2023-07-19 13:08:12,172 INFO PERFORMANCE:|478|1923|2|0

2023-07-19 13:13:12,173 INFO PERFORMANCE:|478|1923|1|0

2023-07-19 13:18:12,174 INFO PERFORMANCE:|478|1923|2|0

2023-07-19 13:23:12,174 INFO PERFORMANCE:|478|1923|1|0

2023-07-19 13:28:12,175 INFO PERFORMANCE:|478|1923|1|0

2023-07-19 13:33:12,176 INFO PERFORMANCE:|478|1923|1|0

2023-07-19 13:38:12,176 INFO PERFORMANCE:|478|1923|1|0

2023-07-19 13:43:12,177 INFO PERFORMANCE:|478|1923|1|0

2023-07-19 13:48:12,178 INFO PERFORMANCE:|478|1923|1|0

2023-07-19 13:53:12,179 INFO PERFORMANCE:|478|1923|1|0

2023-07-19 13:58:12,179 INFO PERFORMANCE:|478|1923|1|0

2023-07-19 14:03:12,180 INFO PERFORMANCE:|478|1923|1|0

2023-07-19 14:08:12,181 INFO PERFORMANCE:|478|1923|1|0

2023-07-19 14:13:12,181 INFO PERFORMANCE:|478|1923|3|0

2023-07-19 14:18:12,182 INFO PERFORMANCE:|478|1923|1|0

2023-07-19 14:23:12,183 INFO PERFORMANCE:|478|1924|1|0

2023-07-19 14:28:12,183 INFO PERFORMANCE:|478|1924|1|0

2023-07-19 14:33:12,184 INFO PERFORMANCE:|478|1924|1|0

2023-07-19 14:38:12,185 INFO PERFORMANCE:|478|1924|1|0

2023-07-19 14:43:12,186 INFO PERFORMANCE:|478|1924|1|0

2023-07-19 14:48:12,186 INFO PERFORMANCE:|478|1924|1|0

2023-07-19 14:53:12,187 INFO PERFORMANCE:|478|1924|1|0

2023-07-19 14:58:12,188 INFO PERFORMANCE:|478|1924|1|0

2023-07-19 15:03:12,188 INFO PERFORMANCE:|478|1924|1|0

2023-07-19 15:08:12,189 INFO PERFORMANCE:|478|1924|1|0

2023-07-19 15:13:12,190 INFO PERFORMANCE:|478|1924|1|0

2023-07-19 15:18:12,190 INFO PERFORMANCE:|478|1924|1|0

2023-07-19 15:23:12,191 INFO PERFORMANCE:|478|1924|1|0

2023-07-19 15:28:12,192 INFO PERFORMANCE:|478|1924|1|0

2023-07-19 15:33:12,193 INFO PERFORMANCE:|478|1924|1|0

2023-07-19 15:38:12,193 INFO PERFORMANCE:|478|1924|13|1

2023-07-19 15:43:12,194 INFO PERFORMANCE:|478|1924|1|0

2023-07-19 15:48:12,195 INFO PERFORMANCE:|478|1929|1|0

2023-07-19 15:53:12,195 INFO PERFORMANCE:|478|1924|1|0

2023-07-19 15:58:12,196 INFO PERFORMANCE:|478|1924|2|0

2023-07-19 16:03:12,197 INFO PERFORMANCE:|478|1924|1|0

2023-07-19 16:08:12,197 INFO PERFORMANCE:|478|1924|2|0

2023-07-19 16:13:12,198 INFO PERFORMANCE:|478|1924|1|0

2023-07-19 16:18:12,199 INFO PERFORMANCE:|478|1924|1|0

2023-07-19 16:23:12,199 INFO PERFORMANCE:|478|1924|1|0

2023-07-19 16:28:12,200 INFO PERFORMANCE:|478|1924|8|0

2023-07-19 16:33:12,201 INFO PERFORMANCE:|478|1924|1|0

2023-07-19 16:38:12,201 INFO PERFORMANCE:|478|1924|1|0

2023-07-19 16:43:12,202 INFO PERFORMANCE:|478|1924|2|0

2023-07-19 16:48:12,203 INFO PERFORMANCE:|478|1924|1|0

2023-07-19 16:53:12,203 INFO PERFORMANCE:|478|1924|1|0

2023-07-19 16:58:12,204 INFO PERFORMANCE:|478|1924|1|0

2023-07-19 17:03:12,205 INFO PERFORMANCE:|478|1924|1|0

2023-07-19 17:08:12,205 INFO PERFORMANCE:|478|1924|1|0

2023-07-19 17:13:12,206 INFO PERFORMANCE:|478|1924|1|0

2023-07-19 17:18:12,207 INFO PERFORMANCE:|478|1924|1|0

2023-07-19 17:23:12,207 INFO PERFORMANCE:|478|1924|1|0

2023-07-19 17:28:12,208 INFO PERFORMANCE:|478|1924|1|0

2023-07-19 17:33:12,209 INFO PERFORMANCE:|478|1924|1|0

2023-07-19 17:38:12,209 INFO PERFORMANCE:|478|1924|1|0

2023-07-19 17:43:12,210 INFO PERFORMANCE:|478|1924|3|0

2023-07-19 17:48:12,211 INFO PERFORMANCE:|478|1924|1|0

2023-07-19 17:53:12,212 INFO PERFORMANCE:|478|1924|1|0

2023-07-19 17:58:12,212 INFO PERFORMANCE:|478|1924|1|0

2023-07-19 18:03:12,213 INFO PERFORMANCE:|478|1926|2|0

2023-07-19 18:08:12,214 INFO PERFORMANCE:|478|1924|2|0

2023-07-19 18:13:12,215 INFO PERFORMANCE:|478|1924|1|0

2023-07-19 18:18:12,215 INFO PERFORMANCE:|478|1924|1|0

2023-07-19 18:23:12,216 INFO PERFORMANCE:|478|1924|1|0

2023-07-19 18:28:12,217 INFO PERFORMANCE:|478|1924|1|0

2023-07-19 18:33:12,218 INFO PERFORMANCE:|478|1924|1|0

2023-07-19 18:38:12,234 INFO PERFORMANCE:|478|1924|1|0

2023-07-19 18:43:12,235 INFO PERFORMANCE:|478|1924|1|0

2023-07-19 18:48:12,236 INFO PERFORMANCE:|478|1924|1|0

2023-07-19 18:53:12,236 INFO PERFORMANCE:|478|1924|1|0

2023-07-19 18:58:12,237 INFO PERFORMANCE:|478|1924|1|0

2023-07-19 19:03:12,238 INFO PERFORMANCE:|478|1924|1|0

2023-07-19 19:08:12,238 INFO PERFORMANCE:|478|1924|1|0

2023-07-19 19:13:12,239 INFO PERFORMANCE:|478|1924|1|0

2023-07-19 19:18:12,240 INFO PERFORMANCE:|478|1924|1|0

2023-07-19 19:23:12,241 INFO PERFORMANCE:|478|1924|1|0

2023-07-19 19:28:12,241 INFO PERFORMANCE:|478|1924|1|0

